     1                                           ;代码清单13-3
     2                                           ;文件名：c13.asm
     3                                           ;文件说明：用户程序 
     4                                           ;创建日期：2011-10-30 15:19   
     5                                           
     6                                  ;===============================================================================
     7                                  SECTION header vstart=0
     8                                  
     9 00000000 [00000000]                       program_length   dd program_end          ;程序总长度#0x00
    10                                           
    11 00000004 [28030000]                       head_len         dd header_end           ;程序头部的长度#0x04
    12                                  
    13 00000008 00000000                         stack_seg        dd 0                    ;用于接收堆栈段选择子#0x08
    14 0000000C 01000000                         stack_len        dd 1                    ;程序建议的堆栈大小#0x0c
    15                                                                                    ;以4KB为单位
    16                                                                                    
    17 00000010 [00000000]                       prgentry         dd start                ;程序入口#0x10 
    18 00000014 [00000000]                       code_seg         dd section.code.start   ;代码段位置#0x14
    19 00000018 [53000000]                       code_len         dd code_end             ;代码段长度#0x18
    20                                  
    21 0000001C [00000000]                       data_seg         dd section.data.start   ;数据段位置#0x1c
    22 00000020 [40040000]                       data_len         dd data_end             ;数据段长度#0x20
    23                                               
    24                                  ;-------------------------------------------------------------------------------
    25                                           ;符号地址检索表
    26 00000024 03000000                         salt_items       dd (header_end-salt)/256 ;#0x24
    27                                           
    28                                           salt:                                     ;#0x28
    29 00000028 405072696E74537472-              PrintString      db  '@PrintString'
    29 00000031 696E67             
    30 00000034 00<rep F4h>                                  times 256-($-PrintString) db 0
    31                                                       
    32 00000128 405465726D696E6174-              TerminateProgram db  '@TerminateProgram'
    32 00000131 6550726F6772616D   
    33 00000139 00<rep EFh>                                  times 256-($-TerminateProgram) db 0
    34                                                       
    35 00000228 40526561644469736B-              ReadDiskData     db  '@ReadDiskData'
    35 00000231 44617461           
    36 00000235 00<rep F3h>                                  times 256-($-ReadDiskData) db 0
    37                                                   
    38                                  header_end:
    39                                  
    40                                  ;===============================================================================
    41                                  SECTION data vstart=0    
    42                                                           
    43 00000000 00<rep 400h>                     buffer times 1024 db  0         ;缓冲区
    44                                  
    45 00000400 0D0A0D0A                         message_1         db  0x0d,0x0a,0x0d,0x0a
    46 00000404 2A2A2A2A2A2A2A2A2A-                                db  '**********User program is runing**********'
    46 0000040D 2A557365722070726F-
    46 00000416 6772616D2069732072-
    46 0000041F 756E696E672A2A2A2A-
    46 00000428 2A2A2A2A2A2A       
    47 0000042E 0D0A00                                             db  0x0d,0x0a,0
    48 00000431 20204469736B206461-              message_2         db  '  Disk data:',0x0d,0x0a,0
    48 0000043A 74613A0D0A00       
    49                                  
    50                                  data_end:
    51                                  
    52                                  ;===============================================================================
    53                                        [bits 32]
    54                                  ;===============================================================================
    55                                  SECTION code vstart=0
    56                                  start:
    57 00000000 8CD8                             mov eax,ds
    58 00000002 8EE0                             mov fs,eax
    59                                       
    60 00000004 A1[08000000]                     mov eax,[stack_seg]
    61 00000009 8ED0                             mov ss,eax
    62 0000000B BC00000000                       mov esp,0
    63                                       
    64 00000010 A1[1C000000]                     mov eax,[data_seg]
    65 00000015 8ED8                             mov ds,eax
    66                                       
    67 00000017 BB[00040000]                     mov ebx,message_1
    68 0000001C 64FF1D[28000000]                 call far [fs:PrintString]
    69                                       
    70 00000023 B864000000                       mov eax,100                         ;逻辑扇区号100
    71 00000028 BB[00000000]                     mov ebx,buffer                      ;缓冲区偏移地址
    72 0000002D 64FF1D[28020000]                 call far [fs:ReadDiskData]          ;段间调用
    73                                       
    74 00000034 BB[31040000]                     mov ebx,message_2
    75 00000039 64FF1D[28000000]                 call far [fs:PrintString]
    76                                       
    77 00000040 BB[00000000]                     mov ebx,buffer 
    78 00000045 64FF1D[28000000]                 call far [fs:PrintString]           ;too.
    79                                       
    80 0000004C 64FF2D[28010000]                 jmp far [fs:TerminateProgram]       ;将控制权返回到系统 
    81                                        
    82                                  code_end:
    83                                  
    84                                  ;===============================================================================
    85                                  SECTION trail
    86                                  ;-------------------------------------------------------------------------------
    87                                  program_end:
